#
# There is insufficient memory for the Java Runtime Environment to continue.
# Native memory allocation (mmap) failed to map 402653184 bytes for G1 virtual space
# Possible reasons:
#   The system is out of physical RAM or swap space
#   The process is running with CompressedOops enabled, and the Java Heap may be blocking the growth of the native heap
# Possible solutions:
#   Reduce memory load on the system
#   Increase physical memory or swap space
#   Check if swap backing store is full
#   Decrease Java heap size (-Xmx/-Xms)
#   Decrease number of Java threads
#   Decrease Java thread stack sizes (-Xss)
#   Set larger code cache with -XX:ReservedCodeCacheSize=
#   JVM is running with Zero Based Compressed Oops mode in which the Java heap is
#     placed in the first 32GB address space. The Java Heap base address is the
#     maximum limit for the native heap growth. Please use -XX:HeapBaseMinAddress
#     to set the Java Heap base and to place the Java Heap above 32GB virtual address.
# This output file may be truncated or incomplete.
#
#  Out of Memory Error (./open/src/hotspot/os/windows/os_windows.cpp:3321), pid=20160, tid=19652
#
# JRE version:  (15.0.2+7) (build )
# Java VM: OpenJDK 64-Bit Server VM (15.0.2+7-27, mixed mode, sharing, tiered, compressed oops, g1 gc, windows-amd64)
# No core dump will be written. Minidumps are not enabled by default on client versions of Windows
#

---------------  S U M M A R Y ------------

Command Line: -Dfile.encoding=Cp1252 -XX:+ShowCodeDetailsInExceptionMessages gui.FrameGUI

Host: Intel(R) Core(TM) i5-7600 CPU @ 3.50GHz, 4 cores, 23G,  Windows 10 , 64 bit Build 19041 (10.0.19041.662)
Time: Thu Jul  8 16:18:28 2021 GTB Daylight Time elapsed time: 0.011633 seconds (0d 0h 0m 0s)

---------------  T H R E A D  ---------------

Current thread (0x000001708847e340):  JavaThread "Unknown thread" [_thread_in_vm, id=19652, stack(0x000000404d900000,0x000000404da00000)]

Stack: [0x000000404d900000,0x000000404da00000]
Native frames: (J=compiled Java code, j=interpreted, Vv=VM code, C=native code)
V  [jvm.dll+0x62ae9a]
V  [jvm.dll+0x7817a9]
V  [jvm.dll+0x782f03]
V  [jvm.dll+0x783563]
V  [jvm.dll+0x216325]
V  [jvm.dll+0x6281d9]
V  [jvm.dll+0x61cf55]
V  [jvm.dll+0x2cffdd]
V  [jvm.dll+0x2cfe42]
V  [jvm.dll+0x2d5e1c]
V  [jvm.dll+0x32590a]
V  [jvm.dll+0x324fd4]
V  [jvm.dll+0x2a6f5a]
V  [jvm.dll+0x2a80f8]
V  [jvm.dll+0x75e241]
V  [jvm.dll+0x3341c4]
V  [jvm.dll+0x73e926]
V  [jvm.dll+0x3b7557]
V  [jvm.dll+0x3b8fe1]
C  [jli.dll+0x52fb]
C  [ucrtbase.dll+0x214c2]
C  [KERNEL32.DLL+0x17034]
C  [ntdll.dll+0x4d0d1]


---------------  P R O C E S S  ---------------

Threads class SMR info:
_java_thread_list=0x00007ff8748b4ff0, length=0, elements={
}

Java Threads: ( => current thread )

Other Threads:
  0x00000170884df7a0 GCTaskThread "GC Thread#0" [stack: 0x000000404da00000,0x000000404db00000] [id=5880]
  0x00000170884ed800 ConcurrentGCThread "G1 Main Marker" [stack: 0x000000404db00000,0x000000404dc00000] [id=19720]
  0x00000170884efba0 ConcurrentGCThread "G1 Conc#0" [stack: 0x000000404dc00000,0x000000404dd00000] [id=18016]

[error occurred during error reporting (printing all threads), id 0xc0000005, EXCEPTION_ACCESS_VIOLATION (0xc0000005) at pc=0x00007ff8740a7e27]

VM state: not at safepoint (not fully initialized)

VM Mutex/Monitor currently owned by a thread:  ([mutex/lock_event])
[0x0000017088479a20] Heap_lock - owner thread: 0x000001708847e340

Heap address: 0x0000000682000000, size: 6112 MB, Compressed Oops mode: Zero based, Oop shift amount: 3
CDS archive(s) mapped at: [0x0000000000000000-0x0000000000000000-0x0000000000000000), size 0, SharedBaseAddress: 0x0000000800000000, ArchiveRelocationMode: 0.
Narrow klass base: 0x0000000000000000, Narrow klass shift: 0, Narrow klass range: 0x0

Heap:
 garbage-first heap   total 393216K, used 0K [0x0000000682000000, 0x0000000800000000)
  region size 4096K, 0 young (0K), 0 survivors (0K)
 Metaspace       used 0K, capacity 0K, committed 0K, reserved 0K
  class space    used 0K, capacity 0K, committed 0K, reserved 0K

Heap Regions: E=young(eden), S=young(survivor), O=old, HS=humongous(starts), HC=humongous(continues), CS=collection set, F=free, OA=open archive, CA=closed archive, TAMS=top-at-mark-start (previous, next)

Card table byte_map: [0x000001709d8a0000,0x000001709e490000] _byte_map_base: 0x000001709a490000

Marking Bits (Prev, Next): (CMBitMap*) 0x00000170884dff90, (CMBitMap*) 0x00000170884dffd0
 Prev Bits: [0x000001709f080000, 0x00000170a5000000)
 Next Bits: [0x00000170a5000000, 0x00000170aaf80000)

GC Heap History (0 events):
No events

Deoptimization events (0 events):
No events

Classes unloaded (0 events):
No events

Classes redefined (0 events):
No events

Internal exceptions (0 events):
No events

Events (1 events):
Event: 0.008 Loaded shared library C:\Users\ionut\.p2\pool\plugins\org.eclipse.justj.openjdk.hotspot.jre.full.win32.x86_64_15.0.2.v20210201-0955\jre\bin\java.dll


Dynamic libraries:
0x00007ff701540000 - 0x00007ff70154d000 	C:\Users\ionut\.p2\pool\plugins\org.eclipse.justj.openjdk.hotspot.jre.full.win32.x86_64_15.0.2.v20210201-0955\jre\bin\javaw.exe
0x00007ff8cafd0000 - 0x00007ff8cb1c6000 	C:\WINDOWS\SYSTEM32\ntdll.dll
0x00007ff8ca220000 - 0x00007ff8ca2dd000 	C:\WINDOWS\System32\KERNEL32.DLL
0x00007ff8c8a60000 - 0x00007ff8c8d29000 	C:\WINDOWS\System32\KERNELBASE.dll
0x00007ff8c8f30000 - 0x00007ff8c9030000 	C:\WINDOWS\System32\ucrtbase.dll
0x00007ff8b9d20000 - 0x00007ff8b9d38000 	C:\Users\ionut\.p2\pool\plugins\org.eclipse.justj.openjdk.hotspot.jre.full.win32.x86_64_15.0.2.v20210201-0955\jre\bin\jli.dll
0x00007ff8b9a80000 - 0x00007ff8b9a99000 	C:\Users\ionut\.p2\pool\plugins\org.eclipse.justj.openjdk.hotspot.jre.full.win32.x86_64_15.0.2.v20210201-0955\jre\bin\VCRUNTIME140.dll
0x00007ff8c9610000 - 0x00007ff8c97b0000 	C:\WINDOWS\System32\USER32.dll
0x00007ff8b3a00000 - 0x00007ff8b3c9b000 	C:\WINDOWS\WinSxS\amd64_microsoft.windows.common-controls_6595b64144ccf1df_6.0.19041.746_none_ca02b4b61b8320a4\COMCTL32.dll
0x00007ff8c8950000 - 0x00007ff8c8972000 	C:\WINDOWS\System32\win32u.dll
0x00007ff8ca2e0000 - 0x00007ff8ca37e000 	C:\WINDOWS\System32\msvcrt.dll
0x00007ff8c9810000 - 0x00007ff8c983a000 	C:\WINDOWS\System32\GDI32.dll
0x00007ff8c8d30000 - 0x00007ff8c8e3b000 	C:\WINDOWS\System32\gdi32full.dll
0x00007ff8c8e40000 - 0x00007ff8c8edd000 	C:\WINDOWS\System32\msvcp_win.dll
0x00007ff8c95e0000 - 0x00007ff8c9610000 	C:\WINDOWS\System32\IMM32.DLL
0x00007ff8badc0000 - 0x00007ff8badcc000 	C:\Users\ionut\.p2\pool\plugins\org.eclipse.justj.openjdk.hotspot.jre.full.win32.x86_64_15.0.2.v20210201-0955\jre\bin\vcruntime140_1.dll
0x00007ff89f300000 - 0x00007ff89f391000 	C:\Users\ionut\.p2\pool\plugins\org.eclipse.justj.openjdk.hotspot.jre.full.win32.x86_64_15.0.2.v20210201-0955\jre\bin\msvcp140.dll
0x00007ff873df0000 - 0x00007ff87494e000 	C:\Users\ionut\.p2\pool\plugins\org.eclipse.justj.openjdk.hotspot.jre.full.win32.x86_64_15.0.2.v20210201-0955\jre\bin\server\jvm.dll
0x00007ff8ca4b0000 - 0x00007ff8ca55c000 	C:\WINDOWS\System32\ADVAPI32.dll
0x00007ff8c9a30000 - 0x00007ff8c9acc000 	C:\WINDOWS\System32\sechost.dll
0x00007ff8ca380000 - 0x00007ff8ca4ab000 	C:\WINDOWS\System32\RPCRT4.dll
0x00007ff8c9940000 - 0x00007ff8c9948000 	C:\WINDOWS\System32\PSAPI.DLL
0x00007ff8c5ef0000 - 0x00007ff8c5ef9000 	C:\WINDOWS\SYSTEM32\WSOCK32.dll
0x00007ff8b90b0000 - 0x00007ff8b90d7000 	C:\WINDOWS\SYSTEM32\WINMM.dll
0x00007ff8c98d0000 - 0x00007ff8c993b000 	C:\WINDOWS\System32\WS2_32.dll
0x00007ff8bb0e0000 - 0x00007ff8bb0ea000 	C:\WINDOWS\SYSTEM32\VERSION.dll
0x00007ff8c65b0000 - 0x00007ff8c65c2000 	C:\WINDOWS\SYSTEM32\kernel.appcore.dll
0x00007ff8c14a0000 - 0x00007ff8c14aa000 	C:\Users\ionut\.p2\pool\plugins\org.eclipse.justj.openjdk.hotspot.jre.full.win32.x86_64_15.0.2.v20210201-0955\jre\bin\jimage.dll
0x00007ff8ae2a0000 - 0x00007ff8ae484000 	C:\WINDOWS\SYSTEM32\DBGHELP.DLL
0x00007ff8b2ce0000 - 0x00007ff8b2d0c000 	C:\WINDOWS\SYSTEM32\dbgcore.DLL
0x00007ff8c8770000 - 0x00007ff8c87f0000 	C:\WINDOWS\System32\bcryptPrimitives.dll
0x00007ff8c0f10000 - 0x00007ff8c0f35000 	C:\Users\ionut\.p2\pool\plugins\org.eclipse.justj.openjdk.hotspot.jre.full.win32.x86_64_15.0.2.v20210201-0955\jre\bin\java.dll

dbghelp: loaded successfully - version: 4.0.5 - missing functions: none
symbol engine: initialized successfully - sym options: 0x614 - pdb path: .;C:\Users\ionut\.p2\pool\plugins\org.eclipse.justj.openjdk.hotspot.jre.full.win32.x86_64_15.0.2.v20210201-0955\jre\bin;C:\WINDOWS\SYSTEM32;C:\WINDOWS\WinSxS\amd64_microsoft.windows.common-controls_6595b64144ccf1df_6.0.19041.746_none_ca02b4b61b8320a4;C:\Users\ionut\.p2\pool\plugins\org.eclipse.justj.openjdk.hotspot.jre.full.win32.x86_64_15.0.2.v20210201-0955\jre\bin\server

VM Arguments:
jvm_args: -Dfile.encoding=Cp1252 -XX:+ShowCodeDetailsInExceptionMessages 
java_command: gui.FrameGUI
java_class_path (initial): C:\Users\ionut\eclipse-workspace\project\bin;C:\Users\ionut\Downloads\Xerces-J-src.2.12.1.zip
Launcher Type: SUN_STANDARD

[Global flags]
     intx CICompilerCount                          = 3                                         {product} {ergonomic}
     uint ConcGCThreads                            = 1                                         {product} {ergonomic}
     uint G1ConcRefinementThreads                  = 4                                         {product} {ergonomic}
   size_t G1HeapRegionSize                         = 4194304                                   {product} {ergonomic}
    uintx GCDrainStackTargetSize                   = 64                                        {product} {ergonomic}
   size_t InitialHeapSize                          = 402653184                                 {product} {ergonomic}
   size_t MarkStackSize                            = 4194304                                   {product} {ergonomic}
   size_t MaxHeapSize                              = 6408896512                                {product} {ergonomic}
   size_t MinHeapDeltaBytes                        = 4194304                                   {product} {ergonomic}
   size_t MinHeapSize                              = 8388608                                   {product} {ergonomic}
    uintx NonNMethodCodeHeapSize                   = 5832780                                {pd product} {ergonomic}
    uintx NonProfiledCodeHeapSize                  = 122912730                              {pd product} {ergonomic}
    uintx ProfiledCodeHeapSize                     = 122912730                              {pd product} {ergonomic}
    uintx ReservedCodeCacheSize                    = 251658240                              {pd product} {ergonomic}
     bool SegmentedCodeCache                       = true                                      {product} {ergonomic}
     bool ShowCodeDetailsInExceptionMessages       = true                                   {manageable} {command line}
   size_t SoftMaxHeapSize                          = 6408896512                             {manageable} {ergonomic}
     bool UseCompressedClassPointers               = true                                 {lp64_product} {ergonomic}
     bool UseCompressedOops                        = true                                 {lp64_product} {ergonomic}
     bool UseG1GC                                  = true                                      {product} {ergonomic}
     bool UseLargePagesIndividualAllocation        = false                                  {pd product} {ergonomic}

Logging:
Log output configuration:
 #0: stdout all=warning uptime,level,tags
 #1: stderr all=off uptime,level,tags

Environment Variables:
PATH=C:/Users/ionut/.p2/pool/plugins/org.eclipse.justj.openjdk.hotspot.jre.full.win32.x86_64_15.0.2.v20210201-0955/jre/bin/server;C:/Users/ionut/.p2/pool/plugins/org.eclipse.justj.openjdk.hotspot.jre.full.win32.x86_64_15.0.2.v20210201-0955/jre/bin;C:\ProgramData\Oracle\Java\javapath;C:\WINDOWS\system32;C:\WINDOWS;C:\WINDOWS\System32\Wbem;C:\WINDOWS\System32\WindowsPowerShell\v1.0\;C:\WINDOWS\System32\OpenSSH\;C:\Xilinx92i\bin\nt;C:\Program Files\dotnet\;C:\Program Files\Microsoft SQL Server\130\Tools\Binn\;C:\Program Files\Microsoft SQL Server\Client SDK\ODBC\170\Tools\Binn\;C:\Program Files\Git\cmd;C:\Program Files\Git LFS;C:\Users\ionut\AppData\Local\Microsoft\WindowsApps;C:\Modeltech_xe_starter\win32xoem;C:\Users\ionut\.dotnet\tools;C:\Users\ionut\AppData\Local\GitHubDesktop\bin;C:\Users\ionut\Desktop;
USERNAME=ionut
OS=Windows_NT
PROCESSOR_IDENTIFIER=Intel64 Family 6 Model 158 Stepping 9, GenuineIntel



---------------  S Y S T E M  ---------------

OS:
 Windows 10 , 64 bit Build 19041 (10.0.19041.662)
OS uptime: 3 days 3:08 hours

CPU: total 4 (initial active 4) (4 cores per cpu, 1 threads per core) family 6 model 158 stepping 9 microcode 0xb4, cmov, cx8, fxsr, mmx, sse, sse2, sse3, ssse3, sse4.1, sse4.2, popcnt, vzeroupper, avx, avx2, aes, clmul, erms, rtm, 3dnowpref, lzcnt, tsc, tscinvbit, bmi1, bmi2, adx, fma, clflush, clflushopt

Memory: 4k page, system-wide physical 24439M (14613M free)
TotalPageFile size 52680M (AvailPageFile size 309M)
current process WorkingSet (physical memory assigned to process): 10M, peak: 10M
current process commit charge ("private bytes"): 51M, peak: 435M

vm_info: OpenJDK 64-Bit Server VM (15.0.2+7-27) for windows-amd64 JRE (15.0.2+7-27), built on Dec  7 2020 20:02:38 by "mach5one" with unknown MS VC++:1925

END.
